Using pre-set license
Built from '2020.3/release' branch; Version is '2020.3.15f2 (6cf78cb77498) revision 7141260'; Using compiler version '192528614'; Build Type 'Release'
OS: 'Windows 10 Home; OS build 22000.493; Version 2009; 64bit' Language: 'ko' Physical Memory: 16224 MB
BatchMode: 1, IsHumanControllingUs: 0, StartBugReporterOnCrash: 0, Is64bit: 1, IsPro: 0

 COMMAND LINE ARGUMENTS:
C:\Program Files\Unity\Hub\Editor\2020.3.15f2\Editor\Unity.exe
-adb2
-batchMode
-noUpm
-name
AssetImportWorker1
-projectPath
C:/Users/user/Documents/GitHub/Unity_Study_solo/Adventure
-logFile
Logs/AssetImportWorker1.log
-srvPort
7181
Successfully changed project path to: C:/Users/user/Documents/GitHub/Unity_Study_solo/Adventure
C:/Users/user/Documents/GitHub/Unity_Study_solo/Adventure
Using Asset Import Pipeline V2.
Refreshing native plugins compatible for Editor in 119.06 ms, found 2 plugins.
Preloading 0 native plugins for Editor in 0.00 ms.
Initialize engine version: 2020.3.15f2 (6cf78cb77498)
[Subsystems] Discovering subsystems at path C:/Program Files/Unity/Hub/Editor/2020.3.15f2/Editor/Data/Resources/UnitySubsystems
[Subsystems] Discovering subsystems at path C:/Users/user/Documents/GitHub/Unity_Study_solo/Adventure/Assets
GfxDevice: creating device client; threaded=0
Direct3D:
    Version:  Direct3D 11.0 [level 11.1]
    Renderer: NVIDIA GeForce GTX 1660 Ti (ID=0x2191)
    Vendor:   
    VRAM:     5991 MB
    Driver:   26.21.14.4223
Initialize mono
Mono path[0] = 'C:/Program Files/Unity/Hub/Editor/2020.3.15f2/Editor/Data/Managed'
Mono path[1] = 'C:/Program Files/Unity/Hub/Editor/2020.3.15f2/Editor/Data/MonoBleedingEdge/lib/mono/unityjit'
Mono config path = 'C:/Program Files/Unity/Hub/Editor/2020.3.15f2/Editor/Data/MonoBleedingEdge/etc'
Using monoOptions --debugger-agent=transport=dt_socket,embedding=1,server=y,suspend=n,address=127.0.0.1:56748
Begin MonoManager ReloadAssembly
Registering precompiled unity dll's ...
Register platform support module: C:/Program Files/Unity/Hub/Editor/2020.3.15f2/Editor/Data/PlaybackEngines/WebGLSupport/UnityEditor.WebGL.Extensions.dll
Register platform support module: C:/Program Files/Unity/Hub/Editor/2020.3.15f2/Editor/Data/PlaybackEngines/MacStandaloneSupport/UnityEditor.OSXStandalone.Extensions.dll
Register platform support module: C:/Program Files/Unity/Hub/Editor/2020.3.15f2/Editor/Data/PlaybackEngines/WindowsStandaloneSupport/UnityEditor.WindowsStandalone.Extensions.dll
Registered in 0.004518 seconds.
Native extension for WindowsStandalone target not found
Native extension for OSXStandalone target not found
Native extension for WebGL target not found
Refreshing native plugins compatible for Editor in 65.14 ms, found 2 plugins.
Preloading 0 native plugins for Editor in 0.00 ms.
Mono: successfully reloaded assembly
- Completed reload, in  3.102 seconds
Domain Reload Profiling:
	ReloadAssembly (3102ms)
		BeginReloadAssembly (101ms)
			ExecutionOrderSort (0ms)
			DisableScriptedObjects (0ms)
			BackupInstance (0ms)
			ReleaseScriptingObjects (0ms)
			CreateAndSetChildDomain (1ms)
		EndReloadAssembly (459ms)
			LoadAssemblies (99ms)
			RebuildTransferFunctionScriptingTraits (0ms)
			SetupTypeCache (155ms)
			ReleaseScriptCaches (0ms)
			RebuildScriptCaches (31ms)
			SetupLoadedEditorAssemblies (189ms)
				LogAssemblyErrors (0ms)
				InitializePlatformSupportModulesInManaged (6ms)
				SetLoadedEditorAssemblies (0ms)
				RefreshPlugins (65ms)
				BeforeProcessingInitializeOnLoad (14ms)
				ProcessInitializeOnLoadAttributes (77ms)
				ProcessInitializeOnLoadMethodAttributes (26ms)
				AfterProcessingInitializeOnLoad (0ms)
				EditorAssembliesLoaded (0ms)
			ExecutionOrderSort2 (0ms)
			AwakeInstancesAfterBackupRestoration (0ms)
Platform modules already initialized, skipping
Registering precompiled user dll's ...
Registered in 0.008155 seconds.
Begin MonoManager ReloadAssembly
Native extension for WindowsStandalone target not found
Native extension for OSXStandalone target not found
Native extension for WebGL target not found
Refreshing native plugins compatible for Editor in 0.46 ms, found 2 plugins.
Preloading 0 native plugins for Editor in 0.00 ms.
Mono: successfully reloaded assembly
- Completed reload, in  1.211 seconds
Domain Reload Profiling:
	ReloadAssembly (1213ms)
		BeginReloadAssembly (170ms)
			ExecutionOrderSort (0ms)
			DisableScriptedObjects (4ms)
			BackupInstance (0ms)
			ReleaseScriptingObjects (0ms)
			CreateAndSetChildDomain (18ms)
		EndReloadAssembly (976ms)
			LoadAssemblies (126ms)
			RebuildTransferFunctionScriptingTraits (0ms)
			SetupTypeCache (296ms)
			ReleaseScriptCaches (0ms)
			RebuildScriptCaches (56ms)
			SetupLoadedEditorAssemblies (434ms)
				LogAssemblyErrors (0ms)
				InitializePlatformSupportModulesInManaged (7ms)
				SetLoadedEditorAssemblies (0ms)
				RefreshPlugins (1ms)
				BeforeProcessingInitializeOnLoad (98ms)
				ProcessInitializeOnLoadAttributes (314ms)
				ProcessInitializeOnLoadMethodAttributes (3ms)
				AfterProcessingInitializeOnLoad (10ms)
				EditorAssembliesLoaded (0ms)
			ExecutionOrderSort2 (0ms)
			AwakeInstancesAfterBackupRestoration (6ms)
Platform modules already initialized, skipping
========================================================================
Worker process is ready to serve import requests
Launched and connected shader compiler UnityShaderCompiler.exe after 0.11 seconds
Refreshing native plugins compatible for Editor in 0.72 ms, found 2 plugins.
Preloading 0 native plugins for Editor in 0.00 ms.
Unloading 1861 Unused Serialized files (Serialized files now loaded: 0)
System memory in use before: 85.6 MB.
System memory in use after: 85.6 MB.

Unloading 21 unused Assets to reduce memory usage. Loaded Objects now: 2300.
Total: 2.498400 ms (FindLiveObjects: 0.168800 ms CreateObjectMapping: 0.054400 ms MarkObjects: 2.192900 ms  DeleteObjects: 0.081100 ms)

AssetImportParameters requested are different than current active one (requested -> active):
  custom:framework-win-MediaFoundation: 216162199b28c13a410421893ffa2e32 -> 
  custom:video-decoder-ogg-theora: a1e56fd34408186e4bbccfd4996cb3dc -> 
  custom:container-muxer-webm: aa71ff27fc2769a1b78a27578f13a17b -> 
  custom:container-demuxer-webm: 4f35f7cbe854078d1ac9338744f61a02 -> 
  custom:container-demuxer-ogg: 62fdf1f143b41e24485cea50d1cbac27 -> 
  custom:video-encoder-webm-vp8: eb34c28f22e8b96e1ab97ce403110664 -> 
  custom:video-decoder-webm-vp8: 9c59270c3fd7afecdb556c50c9e8de78 -> 
  custom:audio-decoder-ogg-vorbis: bf7c407c2cedff20999df2af8eb42d56 -> 
  custom:audio-encoder-webm-vorbis: bf7c407c2cedff20999df2af8eb42d56 -> 
========================================================================
Received Import Request.
  path: Assets/EmaceArt/Slavic World Free/Prefabs/Town/Compound/Walls_Painted/EA03_Village_Hut_Wall_Desk_02a_PRE.prefab
  artifactKey: Guid(3a02fc76e8556b04683abc2885631638) Importer(815301076,1909f56bfc062723c751e8b465ee728b)
Start importing Assets/EmaceArt/Slavic World Free/Prefabs/Town/Compound/Walls_Painted/EA03_Village_Hut_Wall_Desk_02a_PRE.prefab using Guid(3a02fc76e8556b04683abc2885631638) Importer(815301076,1909f56bfc062723c751e8b465ee728b)  -> (artifact id: 'c51cc0b97e11022d8e61c4dbf15345ea') in 0.147279 seconds 
  Import took 0.151452 seconds .

========================================================================
Received Import Request.
  Time since last request: 0.000828 seconds.
  path: Assets/EmaceArt/Slavic World Free/Prefabs/Town/Compound/Walls_Painted/EA03_Town_Hut_Wall_Painted_Desk_02a_PRE.prefab
  artifactKey: Guid(c85ae87bbf201b940bcba31b404d61e0) Importer(815301076,1909f56bfc062723c751e8b465ee728b)
Start importing Assets/EmaceArt/Slavic World Free/Prefabs/Town/Compound/Walls_Painted/EA03_Town_Hut_Wall_Painted_Desk_02a_PRE.prefab using Guid(c85ae87bbf201b940bcba31b404d61e0) Importer(815301076,1909f56bfc062723c751e8b465ee728b)  -> (artifact id: 'ada01930178be9047e86b164877cb710') in 0.031567 seconds 
  Import took 0.035236 seconds .

========================================================================
Received Import Request.
  Time since last request: 76.569144 seconds.
  path: Assets/EmaceArt/Slavic World Free/Resources/LOD4/EA03_Prop_House_Shutter_01e.fbx
  artifactKey: Guid(3f5532580310a2d459f769441f1c781b) Importer(815301076,1909f56bfc062723c751e8b465ee728b)
Start importing Assets/EmaceArt/Slavic World Free/Resources/LOD4/EA03_Prop_House_Shutter_01e.fbx using Guid(3f5532580310a2d459f769441f1c781b) Importer(815301076,1909f56bfc062723c751e8b465ee728b)  -> (artifact id: '5c134711b28d802156b14a15fd71c74b') in 0.122860 seconds 
  Import took 0.127650 seconds .

========================================================================
Received Import Request.
  Time since last request: 0.001041 seconds.
  path: Assets/EmaceArt/Slavic World Free/Resources/LOD4/EA03_Village_Hut_Wall_Front_04e.fbx
  artifactKey: Guid(7c39965b26d41264aa2e9d96d16c8b28) Importer(815301076,1909f56bfc062723c751e8b465ee728b)
Start importing Assets/EmaceArt/Slavic World Free/Resources/LOD4/EA03_Village_Hut_Wall_Front_04e.fbx using Guid(7c39965b26d41264aa2e9d96d16c8b28) Importer(815301076,1909f56bfc062723c751e8b465ee728b)  -> (artifact id: 'c79a7675e3ccc9f3a3cbff7426dbbb43') in 0.081560 seconds 
  Import took 0.086239 seconds .

========================================================================
Received Import Request.
  Time since last request: 0.000694 seconds.
  path: Assets/EmaceArt/Slavic World Free/Resources/LOD4/EA03_Village_Hut_Roof_01c.fbx
  artifactKey: Guid(daf83e804cfa0774485b988b53c5098e) Importer(815301076,1909f56bfc062723c751e8b465ee728b)
Start importing Assets/EmaceArt/Slavic World Free/Resources/LOD4/EA03_Village_Hut_Roof_01c.fbx using Guid(daf83e804cfa0774485b988b53c5098e) Importer(815301076,1909f56bfc062723c751e8b465ee728b)  -> (artifact id: '00ddee5826ac520b804cb12325daebca') in 0.097716 seconds 
  Import took 0.101753 seconds .

========================================================================
Received Import Request.
  Time since last request: 0.000707 seconds.
  path: Assets/EmaceArt/Slavic World Free/Resources/LOD4/EA03_Village_Balcony_R_01a.fbx
  artifactKey: Guid(3cdab808e659dab48a77f94903885475) Importer(815301076,1909f56bfc062723c751e8b465ee728b)
Start importing Assets/EmaceArt/Slavic World Free/Resources/LOD4/EA03_Village_Balcony_R_01a.fbx using Guid(3cdab808e659dab48a77f94903885475) Importer(815301076,1909f56bfc062723c751e8b465ee728b)  -> (artifact id: '15ac2b9a84e849d892b089b143c09abd') in 0.079725 seconds 
  Import took 0.083673 seconds .

========================================================================
Received Import Request.
  Time since last request: 0.000778 seconds.
  path: Assets/EmaceArt/Slavic World Free/Resources/LOD4/EA03_Village_Hut_Wall_Front_04b.fbx
  artifactKey: Guid(8b9175d6598bd614abcc74740ea0012f) Importer(815301076,1909f56bfc062723c751e8b465ee728b)
Start importing Assets/EmaceArt/Slavic World Free/Resources/LOD4/EA03_Village_Hut_Wall_Front_04b.fbx using Guid(8b9175d6598bd614abcc74740ea0012f) Importer(815301076,1909f56bfc062723c751e8b465ee728b)  -> (artifact id: '9637d1e70f7874253d91f1c0da4507d2') in 0.077064 seconds 
  Import took 0.080856 seconds .

========================================================================
Received Import Request.
  Time since last request: 0.000919 seconds.
  path: Assets/EmaceArt/Slavic World Free/Resources/LOD4/EA03_Village_Hut_Wall_Front_02d.fbx
  artifactKey: Guid(13bb0042dbcee09478650939e9f2d958) Importer(815301076,1909f56bfc062723c751e8b465ee728b)
Start importing Assets/EmaceArt/Slavic World Free/Resources/LOD4/EA03_Village_Hut_Wall_Front_02d.fbx using Guid(13bb0042dbcee09478650939e9f2d958) Importer(815301076,1909f56bfc062723c751e8b465ee728b)  -> (artifact id: 'eafa6c390d525c323fda8cca921eab21') in 0.068063 seconds 
  Import took 0.071308 seconds .

========================================================================
Received Import Request.
  Time since last request: 0.000674 seconds.
  path: Assets/EmaceArt/Slavic World Free/Resources/LOD4/EA03_Village_Hut_Roof_Cut_01c.001.fbx
  artifactKey: Guid(59718ed7c97a4ee47a43c8593576dc33) Importer(815301076,1909f56bfc062723c751e8b465ee728b)
Start importing Assets/EmaceArt/Slavic World Free/Resources/LOD4/EA03_Village_Hut_Roof_Cut_01c.001.fbx using Guid(59718ed7c97a4ee47a43c8593576dc33) Importer(815301076,1909f56bfc062723c751e8b465ee728b)  -> (artifact id: '73efd889d1571ff252d1289634a701cd') in 0.053295 seconds 
  Import took 0.056902 seconds .

========================================================================
Received Import Request.
  Time since last request: 0.000674 seconds.
  path: Assets/EmaceArt/Slavic World Free/Resources/LOD4/EA03_Village_HouseModule_Porch_01d.fbx
  artifactKey: Guid(52cab7cee1fd76b45b7ae4782200d5da) Importer(815301076,1909f56bfc062723c751e8b465ee728b)
Start importing Assets/EmaceArt/Slavic World Free/Resources/LOD4/EA03_Village_HouseModule_Porch_01d.fbx using Guid(52cab7cee1fd76b45b7ae4782200d5da) Importer(815301076,1909f56bfc062723c751e8b465ee728b)  -> (artifact id: '54cda9805c8a032fc4f39f3496aa525b') in 0.050586 seconds 
  Import took 0.053462 seconds .

========================================================================
Received Import Request.
  Time since last request: 0.000364 seconds.
  path: Assets/EmaceArt/Slavic World Free/Resources/LOD4/EA03_Village_Hut_Wall_Front_03f.fbx
  artifactKey: Guid(2d16253b9a07ac146b50e2fa3d8ff286) Importer(815301076,1909f56bfc062723c751e8b465ee728b)
Start importing Assets/EmaceArt/Slavic World Free/Resources/LOD4/EA03_Village_Hut_Wall_Front_03f.fbx using Guid(2d16253b9a07ac146b50e2fa3d8ff286) Importer(815301076,1909f56bfc062723c751e8b465ee728b)  -> (artifact id: 'e4bac16dd04cd525b7c54f25317f800d') in 0.045032 seconds 
  Import took 0.048559 seconds .

========================================================================
Received Import Request.
  Time since last request: 0.000678 seconds.
  path: Assets/EmaceArt/Slavic World Free/Resources/LOD4/EA03_Village_HouseModule_Porch_R_03b.fbx
  artifactKey: Guid(42208ee65d50f4b4aa6eae18b24287e3) Importer(815301076,1909f56bfc062723c751e8b465ee728b)
Start importing Assets/EmaceArt/Slavic World Free/Resources/LOD4/EA03_Village_HouseModule_Porch_R_03b.fbx using Guid(42208ee65d50f4b4aa6eae18b24287e3) Importer(815301076,1909f56bfc062723c751e8b465ee728b)  -> (artifact id: '7f411dc293d91a0d06e5541c0771f930') in 0.053670 seconds 
  Import took 0.056985 seconds .

========================================================================
Received Import Request.
  Time since last request: 0.000287 seconds.
  path: Assets/EmaceArt/Slavic World Free/Resources/LOD4/EA03_Village_AnimalBreeding_Hovel_01a.fbx
  artifactKey: Guid(a057cc37f46747c469f94c4b4f85fa30) Importer(815301076,1909f56bfc062723c751e8b465ee728b)
Start importing Assets/EmaceArt/Slavic World Free/Resources/LOD4/EA03_Village_AnimalBreeding_Hovel_01a.fbx using Guid(a057cc37f46747c469f94c4b4f85fa30) Importer(815301076,1909f56bfc062723c751e8b465ee728b)  -> (artifact id: '98af8c72316cf4e589fef14acc7c241e') in 0.053841 seconds 
  Import took 0.057362 seconds .

========================================================================
Received Import Request.
  Time since last request: 0.000367 seconds.
  path: Assets/EmaceArt/Slavic World Free/Resources/LOD4/EA03_Village_Hut_Wall_Front_02i.fbx
  artifactKey: Guid(04e6236850221664a92860d51717c846) Importer(815301076,1909f56bfc062723c751e8b465ee728b)
Start importing Assets/EmaceArt/Slavic World Free/Resources/LOD4/EA03_Village_Hut_Wall_Front_02i.fbx using Guid(04e6236850221664a92860d51717c846) Importer(815301076,1909f56bfc062723c751e8b465ee728b)  -> (artifact id: '543e8fcb41749b3bb053195c51f088ab') in 0.049960 seconds 
  Import took 0.053027 seconds .

========================================================================
Received Import Request.
  Time since last request: 0.000334 seconds.
  path: Assets/EmaceArt/Slavic World Free/Resources/LOD4/EA03_Village_Hut_Wall_Front_01i.fbx
  artifactKey: Guid(c231ab4bdde8ca245b5f0ad0ee2ffa5b) Importer(815301076,1909f56bfc062723c751e8b465ee728b)
Start importing Assets/EmaceArt/Slavic World Free/Resources/LOD4/EA03_Village_Hut_Wall_Front_01i.fbx using Guid(c231ab4bdde8ca245b5f0ad0ee2ffa5b) Importer(815301076,1909f56bfc062723c751e8b465ee728b)  -> (artifact id: '4e90815a5503a17c4a2f3a59c6324792') in 0.051461 seconds 
  Import took 0.055208 seconds .

========================================================================
Received Import Request.
  Time since last request: 0.000327 seconds.
  path: Assets/EmaceArt/Slavic World Free/Resources/LOD4/EA03_Village_Hut_Roof_Cut_02a.fbx
  artifactKey: Guid(782e80f9bfe64c8429988c86c275909f) Importer(815301076,1909f56bfc062723c751e8b465ee728b)
Start importing Assets/EmaceArt/Slavic World Free/Resources/LOD4/EA03_Village_Hut_Roof_Cut_02a.fbx using Guid(782e80f9bfe64c8429988c86c275909f) Importer(815301076,1909f56bfc062723c751e8b465ee728b)  -> (artifact id: '65ad02302892cb6fba2a2362c09ef074') in 0.045189 seconds 
  Import took 0.048635 seconds .

========================================================================
Received Import Request.
  Time since last request: 0.000378 seconds.
  path: Assets/EmaceArt/Slavic World Free/Resources/LOD4/EA03_Village_Hut_Roof_Half_01a.fbx
  artifactKey: Guid(cc72f9f28b7952b49892b6571acfef76) Importer(815301076,1909f56bfc062723c751e8b465ee728b)
Start importing Assets/EmaceArt/Slavic World Free/Resources/LOD4/EA03_Village_Hut_Roof_Half_01a.fbx using Guid(cc72f9f28b7952b49892b6571acfef76) Importer(815301076,1909f56bfc062723c751e8b465ee728b)  -> (artifact id: 'b20347436bd194be4d4ca54e3535abb2') in 0.053447 seconds 
  Import took 0.056745 seconds .

========================================================================
Received Import Request.
  Time since last request: 0.000236 seconds.
  path: Assets/EmaceArt/Slavic World Free/Resources/LOD4/EA03_Village_Hut_Roof_Cut_01C.fbx
  artifactKey: Guid(047f84b9394c9814b90c0e224a6c9e00) Importer(815301076,1909f56bfc062723c751e8b465ee728b)
Start importing Assets/EmaceArt/Slavic World Free/Resources/LOD4/EA03_Village_Hut_Roof_Cut_01C.fbx using Guid(047f84b9394c9814b90c0e224a6c9e00) Importer(815301076,1909f56bfc062723c751e8b465ee728b)  -> (artifact id: '6fd9ee5c3d949575e9b33f31c2b240a9') in 0.054620 seconds 
  Import took 0.058174 seconds .

========================================================================
Received Import Request.
  Time since last request: 0.000370 seconds.
  path: Assets/EmaceArt/Slavic World Free/Resources/LOD4/EA03_Village_Fence_01a.fbx
  artifactKey: Guid(a660a4d6df7174347be374a2e596912c) Importer(815301076,1909f56bfc062723c751e8b465ee728b)
Start importing Assets/EmaceArt/Slavic World Free/Resources/LOD4/EA03_Village_Fence_01a.fbx using Guid(a660a4d6df7174347be374a2e596912c) Importer(815301076,1909f56bfc062723c751e8b465ee728b)  -> (artifact id: '38d4e468ee5bb8f46993b6114e4eba18') in 0.049572 seconds 
  Import took 0.052821 seconds .

========================================================================
Received Import Request.
  Time since last request: 0.000352 seconds.
  path: Assets/EmaceArt/Slavic World Free/Resources/LOD4/EA03_Village_Hut_Roof_Cut_01a.fbx
  artifactKey: Guid(28bb2f61c4769874e999b44b978954fd) Importer(815301076,1909f56bfc062723c751e8b465ee728b)
Start importing Assets/EmaceArt/Slavic World Free/Resources/LOD4/EA03_Village_Hut_Roof_Cut_01a.fbx using Guid(28bb2f61c4769874e999b44b978954fd) Importer(815301076,1909f56bfc062723c751e8b465ee728b)  -> (artifact id: 'c1ea0e7e04e23cdc53735dc9a95e5376') in 0.053042 seconds 
  Import took 0.056395 seconds .

========================================================================
Received Import Request.
  Time since last request: 0.000309 seconds.
  path: Assets/EmaceArt/Slavic World Free/Resources/LOD4/EA03_Village_Hut_Roof_Cut_01d.fbx
  artifactKey: Guid(94d50895a53b689418ddff691e4219fc) Importer(815301076,1909f56bfc062723c751e8b465ee728b)
Start importing Assets/EmaceArt/Slavic World Free/Resources/LOD4/EA03_Village_Hut_Roof_Cut_01d.fbx using Guid(94d50895a53b689418ddff691e4219fc) Importer(815301076,1909f56bfc062723c751e8b465ee728b)  -> (artifact id: '40318a6880c8795814dd1a5062720909') in 0.052209 seconds 
  Import took 0.055661 seconds .

========================================================================
Received Import Request.
  Time since last request: 0.000336 seconds.
  path: Assets/EmaceArt/Slavic World Free/Resources/LOD4/EA03_Village_Hut_Roof_Cut_01b.fbx
  artifactKey: Guid(edecf5bdd1bbc82448daa097d92c790b) Importer(815301076,1909f56bfc062723c751e8b465ee728b)
Start importing Assets/EmaceArt/Slavic World Free/Resources/LOD4/EA03_Village_Hut_Roof_Cut_01b.fbx using Guid(edecf5bdd1bbc82448daa097d92c790b) Importer(815301076,1909f56bfc062723c751e8b465ee728b)  -> (artifact id: 'b2a789c06b88e161a2a7d4f080b285c4') in 0.052354 seconds 
  Import took 0.055514 seconds .

========================================================================
Received Import Request.
  Time since last request: 0.000362 seconds.
  path: Assets/EmaceArt/Slavic World Free/Resources/LOD4/EA03_Town_Building_Administrative _01a.fbx
  artifactKey: Guid(8c06a8469c34d86469295b9327c93b4e) Importer(815301076,1909f56bfc062723c751e8b465ee728b)
Start importing Assets/EmaceArt/Slavic World Free/Resources/LOD4/EA03_Town_Building_Administrative _01a.fbx using Guid(8c06a8469c34d86469295b9327c93b4e) Importer(815301076,1909f56bfc062723c751e8b465ee728b)  -> (artifact id: '13a3fdca937410d4a63da29867db414e') in 0.071869 seconds 
  Import took 0.075045 seconds .

========================================================================
Received Import Request.
  Time since last request: 0.000372 seconds.
  path: Assets/EmaceArt/Slavic World Free/Resources/LOD4/EA03_Town_Ill_Roof_01a.fbx
  artifactKey: Guid(a24843a2bac54d949b6ed63cef4f50ab) Importer(815301076,1909f56bfc062723c751e8b465ee728b)
Start importing Assets/EmaceArt/Slavic World Free/Resources/LOD4/EA03_Town_Ill_Roof_01a.fbx using Guid(a24843a2bac54d949b6ed63cef4f50ab) Importer(815301076,1909f56bfc062723c751e8b465ee728b)  -> (artifact id: '8b2e2e5b5c27d8911f979ab93d3b81bb') in 0.059562 seconds 
  Import took 0.063670 seconds .

========================================================================
Received Import Request.
  Time since last request: 0.000276 seconds.
  path: Assets/EmaceArt/Slavic World Free/Resources/LOD4/EA03_Village_Hut_Ceiling_01e.fbx
  artifactKey: Guid(de708639cc9e7e2429d0f70d6792357f) Importer(815301076,1909f56bfc062723c751e8b465ee728b)
Start importing Assets/EmaceArt/Slavic World Free/Resources/LOD4/EA03_Village_Hut_Ceiling_01e.fbx using Guid(de708639cc9e7e2429d0f70d6792357f) Importer(815301076,1909f56bfc062723c751e8b465ee728b)  -> (artifact id: '5684bb58de0679fa3890c90431157969') in 0.051671 seconds 
  Import took 0.054797 seconds .

========================================================================
Received Import Request.
  Time since last request: 0.000341 seconds.
  path: Assets/EmaceArt/Slavic World Free/Resources/LOD4/EA03_Town_Ill_Roof_01b.fbx
  artifactKey: Guid(752cdcbf93262af44a9a365bc1aae4f6) Importer(815301076,1909f56bfc062723c751e8b465ee728b)
Start importing Assets/EmaceArt/Slavic World Free/Resources/LOD4/EA03_Town_Ill_Roof_01b.fbx using Guid(752cdcbf93262af44a9a365bc1aae4f6) Importer(815301076,1909f56bfc062723c751e8b465ee728b)  -> (artifact id: '420345e4adfde4194f9123c374c90ef2') in 0.058376 seconds 
  Import took 0.062134 seconds .

========================================================================
Received Import Request.
  Time since last request: 0.000447 seconds.
  path: Assets/EmaceArt/Slavic World Free/Resources/LOD4/EA03_Village_Hut_Wall_Desk_02a.fbx
  artifactKey: Guid(54ccb70bd724031409b5de99828ad0b7) Importer(815301076,1909f56bfc062723c751e8b465ee728b)
Start importing Assets/EmaceArt/Slavic World Free/Resources/LOD4/EA03_Village_Hut_Wall_Desk_02a.fbx using Guid(54ccb70bd724031409b5de99828ad0b7) Importer(815301076,1909f56bfc062723c751e8b465ee728b)  -> (artifact id: '86bd100fe228f99a028412b5d3319fde') in 0.055635 seconds 
  Import took 0.059192 seconds .

========================================================================
Received Import Request.
  Time since last request: 1.790990 seconds.
  path: Assets/EmaceArt/Slavic World Free/Resources/LOD4/EA03_Village_Hut_Wall_Front_04f.fbx
  artifactKey: Guid(e957be97d0bde9d4ea9c05efad626c11) Importer(815301076,1909f56bfc062723c751e8b465ee728b)
Start importing Assets/EmaceArt/Slavic World Free/Resources/LOD4/EA03_Village_Hut_Wall_Front_04f.fbx using Guid(e957be97d0bde9d4ea9c05efad626c11) Importer(815301076,1909f56bfc062723c751e8b465ee728b)  -> (artifact id: '67e6e21edcbb23e48a4492d0e7b2457a') in 0.047780 seconds 
  Import took 0.051293 seconds .

========================================================================
Received Import Request.
  Time since last request: 0.000302 seconds.
  path: Assets/EmaceArt/Slavic World Free/Resources/LOD4/EA03_Village_Hut_Wall_Painted_Desk_02a.fbx
  artifactKey: Guid(0d12112420a427644aada3727e4850a6) Importer(815301076,1909f56bfc062723c751e8b465ee728b)
Start importing Assets/EmaceArt/Slavic World Free/Resources/LOD4/EA03_Village_Hut_Wall_Painted_Desk_02a.fbx using Guid(0d12112420a427644aada3727e4850a6) Importer(815301076,1909f56bfc062723c751e8b465ee728b)  -> (artifact id: 'd5f0387cf219802aadc71a6885277728') in 0.049473 seconds 
  Import took 0.052865 seconds .

========================================================================
Received Import Request.
  Time since last request: 0.000346 seconds.
  path: Assets/EmaceArt/Slavic World Free/Resources/LOD4/EA03_Village_Hut_Wall_Front_04h.fbx
  artifactKey: Guid(045c5ae697b279e4794a7c8d9f3e1e52) Importer(815301076,1909f56bfc062723c751e8b465ee728b)
Start importing Assets/EmaceArt/Slavic World Free/Resources/LOD4/EA03_Village_Hut_Wall_Front_04h.fbx using Guid(045c5ae697b279e4794a7c8d9f3e1e52) Importer(815301076,1909f56bfc062723c751e8b465ee728b)  -> (artifact id: '99aa61f2b521f31738bbc78baf8dda91') in 0.050793 seconds 
  Import took 0.054135 seconds .

========================================================================
Received Import Request.
  Time since last request: 0.000342 seconds.
  path: Assets/EmaceArt/Slavic World Free/Resources/LOD4/EA03_Village_Hut_Wall_Painted_Side_02e.fbx
  artifactKey: Guid(9812e6affbcc3744f97cd1c6a266bacb) Importer(815301076,1909f56bfc062723c751e8b465ee728b)
Start importing Assets/EmaceArt/Slavic World Free/Resources/LOD4/EA03_Village_Hut_Wall_Painted_Side_02e.fbx using Guid(9812e6affbcc3744f97cd1c6a266bacb) Importer(815301076,1909f56bfc062723c751e8b465ee728b)  -> (artifact id: '6cef84a17eb552082b1abcf4652d97f1') in 0.051316 seconds 
  Import took 0.054831 seconds .

========================================================================
Received Import Request.
  Time since last request: 0.000282 seconds.
  path: Assets/EmaceArt/Slavic World Free/Resources/LOD4/EA03_Village_Hut_Wall_Painted_Front_02a.fbx
  artifactKey: Guid(1ce8c072405e7274fa145d02a18fac73) Importer(815301076,1909f56bfc062723c751e8b465ee728b)
Start importing Assets/EmaceArt/Slavic World Free/Resources/LOD4/EA03_Village_Hut_Wall_Painted_Front_02a.fbx using Guid(1ce8c072405e7274fa145d02a18fac73) Importer(815301076,1909f56bfc062723c751e8b465ee728b)  -> (artifact id: 'd4656926d908c1de82fbc25c1f386b2e') in 0.051686 seconds 
  Import took 0.055162 seconds .

========================================================================
Received Import Request.
  Time since last request: 0.000286 seconds.
  path: Assets/EmaceArt/Slavic World Free/Resources/LOD4/EA03_Village_Hut_Wall_Painted_Side_02c.fbx
  artifactKey: Guid(0941fc100f37a6b4babe0bc7ec19a532) Importer(815301076,1909f56bfc062723c751e8b465ee728b)
Start importing Assets/EmaceArt/Slavic World Free/Resources/LOD4/EA03_Village_Hut_Wall_Painted_Side_02c.fbx using Guid(0941fc100f37a6b4babe0bc7ec19a532) Importer(815301076,1909f56bfc062723c751e8b465ee728b)  -> (artifact id: '23c3b6bb3991c45f9f807b4da3a4887d') in 0.054120 seconds 
  Import took 0.057260 seconds .

========================================================================
Received Import Request.
  Time since last request: 0.440495 seconds.
  path: Assets/EmaceArt/Slavic World Free/Resources/LOD4/EA03_Village_OutBuilding_Convenience_01a.fbx
  artifactKey: Guid(7e3464691be8900418a72b728b9cfe8e) Importer(815301076,1909f56bfc062723c751e8b465ee728b)
Start importing Assets/EmaceArt/Slavic World Free/Resources/LOD4/EA03_Village_OutBuilding_Convenience_01a.fbx using Guid(7e3464691be8900418a72b728b9cfe8e) Importer(815301076,1909f56bfc062723c751e8b465ee728b)  -> (artifact id: '3e4364a6a433b42d5ba9ce5a53f739ce') in 0.053545 seconds 
  Import took 0.057518 seconds .

========================================================================
Received Import Request.
  Time since last request: 0.000353 seconds.
  path: Assets/EmaceArt/Slavic World Free/Resources/LOD4/EA03_Village_OutBuilding_WoodRoof_01b.fbx
  artifactKey: Guid(2b5de340e32bb484095bc0e4ec89bdb0) Importer(815301076,1909f56bfc062723c751e8b465ee728b)
Start importing Assets/EmaceArt/Slavic World Free/Resources/LOD4/EA03_Village_OutBuilding_WoodRoof_01b.fbx using Guid(2b5de340e32bb484095bc0e4ec89bdb0) Importer(815301076,1909f56bfc062723c751e8b465ee728b)  -> (artifact id: '6bbdc7a822026d00c3615153258b827f') in 0.072499 seconds 
  Import took 0.075373 seconds .

========================================================================
Received Import Request.
  Time since last request: 0.000304 seconds.
  path: Assets/EmaceArt/Slavic World Free/Resources/LOD4/EA03_Village_step_platform_Stair_R_03a.fbx
  artifactKey: Guid(75ae7666976ca6948ac43a95180ef1fe) Importer(815301076,1909f56bfc062723c751e8b465ee728b)
Start importing Assets/EmaceArt/Slavic World Free/Resources/LOD4/EA03_Village_step_platform_Stair_R_03a.fbx using Guid(75ae7666976ca6948ac43a95180ef1fe) Importer(815301076,1909f56bfc062723c751e8b465ee728b)  -> (artifact id: '1c2ddf553da916669b86a76e2647b432') in 0.072381 seconds 
  Import took 0.075462 seconds .

========================================================================
Received Import Request.
  Time since last request: 0.000298 seconds.
  path: Assets/EmaceArt/Slavic World Free/Resources/LOD4/EA03_Wooden_Pin_01c.fbx
  artifactKey: Guid(e0ac2138a39a48d45a487ec92eab384e) Importer(815301076,1909f56bfc062723c751e8b465ee728b)
Start importing Assets/EmaceArt/Slavic World Free/Resources/LOD4/EA03_Wooden_Pin_01c.fbx using Guid(e0ac2138a39a48d45a487ec92eab384e) Importer(815301076,1909f56bfc062723c751e8b465ee728b)  -> (artifact id: 'd513b429fc439964253ad57f0993f077') in 0.065516 seconds 
  Import took 0.068634 seconds .

========================================================================
Received Import Request.
  Time since last request: 0.000295 seconds.
  path: Assets/EmaceArt/Slavic World Free/Resources/LOD4/EA_Prop_Stand_Sheet_01a.fbx
  artifactKey: Guid(fd323eaa0a5217844954c3eec43851d1) Importer(815301076,1909f56bfc062723c751e8b465ee728b)
Start importing Assets/EmaceArt/Slavic World Free/Resources/LOD4/EA_Prop_Stand_Sheet_01a.fbx using Guid(fd323eaa0a5217844954c3eec43851d1) Importer(815301076,1909f56bfc062723c751e8b465ee728b)  -> (artifact id: '5475846c1676152c6d174f99ff6e2ff5') in 0.070579 seconds 
  Import took 0.074054 seconds .

========================================================================
Received Import Request.
  Time since last request: 0.000275 seconds.
  path: Assets/EmaceArt/Slavic World Free/Resources/LOD4/EA03_Village_OutBuilding_PentHouse_01a.fbx
  artifactKey: Guid(9c9f2f2aa57ac854aba6e282ecd0643c) Importer(815301076,1909f56bfc062723c751e8b465ee728b)
Start importing Assets/EmaceArt/Slavic World Free/Resources/LOD4/EA03_Village_OutBuilding_PentHouse_01a.fbx using Guid(9c9f2f2aa57ac854aba6e282ecd0643c) Importer(815301076,1909f56bfc062723c751e8b465ee728b)  -> (artifact id: '9eefd8b313bdda13f005b1854eb6cb5c') in 0.073614 seconds 
  Import took 0.077174 seconds .

========================================================================
Received Import Request.
  Time since last request: 0.000333 seconds.
  path: Assets/EmaceArt/Slavic World Free/Resources/LOD4/EA03_Village_platform_01a.fbx
  artifactKey: Guid(b63ce2fc5e65360428a4d45bbd8e52e4) Importer(815301076,1909f56bfc062723c751e8b465ee728b)
Start importing Assets/EmaceArt/Slavic World Free/Resources/LOD4/EA03_Village_platform_01a.fbx using Guid(b63ce2fc5e65360428a4d45bbd8e52e4) Importer(815301076,1909f56bfc062723c751e8b465ee728b)  -> (artifact id: 'fe86359680536f00736d2b01ce705d2d') in 0.069363 seconds 
  Import took 0.073465 seconds .

========================================================================
Received Import Request.
  Time since last request: 0.000387 seconds.
  path: Assets/EmaceArt/Slavic World Free/Resources/LOD4/EA03_Wooden_Pin_01b.fbx
  artifactKey: Guid(16bff6f79287af240a0f0cb147d4212e) Importer(815301076,1909f56bfc062723c751e8b465ee728b)
Start importing Assets/EmaceArt/Slavic World Free/Resources/LOD4/EA03_Wooden_Pin_01b.fbx using Guid(16bff6f79287af240a0f0cb147d4212e) Importer(815301076,1909f56bfc062723c751e8b465ee728b)  -> (artifact id: '0dfe0f20eb87d0a2f7e9a683ecdd7c60') in 0.067355 seconds 
  Import took 0.070899 seconds .

========================================================================
Received Import Request.
  Time since last request: 0.000351 seconds.
  path: Assets/EmaceArt/Slavic World Free/Resources/LOD4/EA03_Village_Tover_01a.fbx
  artifactKey: Guid(1bf7816cffa0ed848aa700997de497e2) Importer(815301076,1909f56bfc062723c751e8b465ee728b)
Start importing Assets/EmaceArt/Slavic World Free/Resources/LOD4/EA03_Village_Tover_01a.fbx using Guid(1bf7816cffa0ed848aa700997de497e2) Importer(815301076,1909f56bfc062723c751e8b465ee728b)  -> (artifact id: 'dafa75768bf15b057c26833f48b7e2ec') in 0.077110 seconds 
  Import took 0.081222 seconds .

========================================================================
Received Import Request.
  Time since last request: 0.000331 seconds.
  path: Assets/EmaceArt/Slavic World Free/Resources/LOD4/EA03_Village_OutBuilding_Cubby_01d.fbx
  artifactKey: Guid(6ee362c65b6f7d0468ee697b6fa177f4) Importer(815301076,1909f56bfc062723c751e8b465ee728b)
Start importing Assets/EmaceArt/Slavic World Free/Resources/LOD4/EA03_Village_OutBuilding_Cubby_01d.fbx using Guid(6ee362c65b6f7d0468ee697b6fa177f4) Importer(815301076,1909f56bfc062723c751e8b465ee728b)  -> (artifact id: 'dbcacb1e6f8c6257becbe8e977cd9380') in 0.077582 seconds 
  Import took 0.081420 seconds .

========================================================================
Received Import Request.
  Time since last request: 0.000345 seconds.
  path: Assets/EmaceArt/Slavic World Free/Resources/LOD4/EA03_Village_OutBuilding_Shed_01a.fbx
  artifactKey: Guid(dcb5cac8484b68a44a4d696362333694) Importer(815301076,1909f56bfc062723c751e8b465ee728b)
Start importing Assets/EmaceArt/Slavic World Free/Resources/LOD4/EA03_Village_OutBuilding_Shed_01a.fbx using Guid(dcb5cac8484b68a44a4d696362333694) Importer(815301076,1909f56bfc062723c751e8b465ee728b)  -> (artifact id: 'b9b9ea6868c0f36baadd6c31e48453fc') in 0.078869 seconds 
  Import took 0.082894 seconds .

========================================================================
Received Import Request.
  Time since last request: 0.000422 seconds.
  path: Assets/EmaceArt/Slavic World Free/Resources/LOD4/EA03_Village_OutBuilding_Shed_03b.fbx
  artifactKey: Guid(19e781545a140be4b97bcc7f12ed95d2) Importer(815301076,1909f56bfc062723c751e8b465ee728b)
Start importing Assets/EmaceArt/Slavic World Free/Resources/LOD4/EA03_Village_OutBuilding_Shed_03b.fbx using Guid(19e781545a140be4b97bcc7f12ed95d2) Importer(815301076,1909f56bfc062723c751e8b465ee728b)  -> (artifact id: '7f6d05123efcb22281d204a01e2d4648') in 0.086196 seconds 
  Import took 0.089601 seconds .

========================================================================
Received Import Request.
  Time since last request: 27.614529 seconds.
  path: Assets/EmaceArt/Slavic World Free/Prefabs/Prop/EA03_Items_House_Apple_01a__PRE.prefab
  artifactKey: Guid(e31bf42144a454340baa4183b3539cd4) Importer(815301076,1909f56bfc062723c751e8b465ee728b)
Start importing Assets/EmaceArt/Slavic World Free/Prefabs/Prop/EA03_Items_House_Apple_01a__PRE.prefab using Guid(e31bf42144a454340baa4183b3539cd4) Importer(815301076,1909f56bfc062723c751e8b465ee728b)  -> (artifact id: '68535cd5eb08259dbaf1a7a86e6adb84') in 0.017762 seconds 
  Import took 0.021855 seconds .

========================================================================
Received Import Request.
  Time since last request: 0.000366 seconds.
  path: Assets/EmaceArt/Slavic World Free/Prefabs/Prop/EA03_Items_House_Carrot_01a__PRE.prefab
  artifactKey: Guid(3b22a8bc21e30d94ea4bdf36b9130bf3) Importer(815301076,1909f56bfc062723c751e8b465ee728b)
Start importing Assets/EmaceArt/Slavic World Free/Prefabs/Prop/EA03_Items_House_Carrot_01a__PRE.prefab using Guid(3b22a8bc21e30d94ea4bdf36b9130bf3) Importer(815301076,1909f56bfc062723c751e8b465ee728b)  -> (artifact id: 'f84bd415821bf956214d19150dcaecc1') in 0.022937 seconds 
  Import took 0.028019 seconds .

========================================================================
Received Import Request.
  Time since last request: 0.000738 seconds.
  path: Assets/EmaceArt/Slavic World Free/Prefabs/Prop/EA03_Items_House_Apple_01c_PRE.prefab
  artifactKey: Guid(9092c1811158271428faa5d8adc2a966) Importer(815301076,1909f56bfc062723c751e8b465ee728b)
Start importing Assets/EmaceArt/Slavic World Free/Prefabs/Prop/EA03_Items_House_Apple_01c_PRE.prefab using Guid(9092c1811158271428faa5d8adc2a966) Importer(815301076,1909f56bfc062723c751e8b465ee728b)  -> (artifact id: '7735793a0d7eb71884b239b4c4636b04') in 0.023795 seconds 
  Import took 0.029359 seconds .

========================================================================
Received Import Request.
  Time since last request: 0.000345 seconds.
  path: Assets/EmaceArt/Slavic World Free/Prefabs/Prop/EA03_Items_House_Corn_01a_PRE.prefab
  artifactKey: Guid(a0d15454e8d6fe747b16d15d27d52814) Importer(815301076,1909f56bfc062723c751e8b465ee728b)
Start importing Assets/EmaceArt/Slavic World Free/Prefabs/Prop/EA03_Items_House_Corn_01a_PRE.prefab using Guid(a0d15454e8d6fe747b16d15d27d52814) Importer(815301076,1909f56bfc062723c751e8b465ee728b)  -> (artifact id: '86741250d53f29cbd5106185ced39371') in 0.025997 seconds 
  Import took 0.031304 seconds .

========================================================================
Received Import Request.
  Time since last request: 0.000367 seconds.
  path: Assets/EmaceArt/Slavic World Free/Prefabs/Prop/EA03_Prop_Composter_01a.prefab
  artifactKey: Guid(2409308bd6354b34b8213a39254c6caa) Importer(815301076,1909f56bfc062723c751e8b465ee728b)
Start importing Assets/EmaceArt/Slavic World Free/Prefabs/Prop/EA03_Prop_Composter_01a.prefab using Guid(2409308bd6354b34b8213a39254c6caa) Importer(815301076,1909f56bfc062723c751e8b465ee728b)  -> (artifact id: 'db56c4174e10d9a0bf693063254d36fe') in 0.090537 seconds 
  Import took 0.097427 seconds .

========================================================================
Received Import Request.
  Time since last request: 0.000308 seconds.
  path: Assets/EmaceArt/Slavic World Free/Prefabs/Prop/EA03_Items_House_Apple_01b__PRE.prefab
  artifactKey: Guid(446e95a58f500634db4ddb034fd85721) Importer(815301076,1909f56bfc062723c751e8b465ee728b)
Start importing Assets/EmaceArt/Slavic World Free/Prefabs/Prop/EA03_Items_House_Apple_01b__PRE.prefab using Guid(446e95a58f500634db4ddb034fd85721) Importer(815301076,1909f56bfc062723c751e8b465ee728b)  -> (artifact id: 'd68145d63c067ceb02a962f743153cfb') in 0.018728 seconds 
  Import took 0.023507 seconds .

========================================================================
Received Import Request.
  Time since last request: 0.000333 seconds.
  path: Assets/EmaceArt/Slavic World Free/Prefabs/Prop/EA_Artefact_PRE.prefab
  artifactKey: Guid(d93158440308f6a4f88ef35c5fdeb20f) Importer(815301076,1909f56bfc062723c751e8b465ee728b)
Start importing Assets/EmaceArt/Slavic World Free/Prefabs/Prop/EA_Artefact_PRE.prefab using Guid(d93158440308f6a4f88ef35c5fdeb20f) Importer(815301076,1909f56bfc062723c751e8b465ee728b)  -> (artifact id: '0b83fbed09d6a602aae37f90a222b7cb') in 0.037101 seconds 
  Import took 0.042080 seconds .

========================================================================
Received Import Request.
  Time since last request: 0.000338 seconds.
  path: Assets/EmaceArt/Slavic World Free/Prefabs/Prop/EA03_Prop_Composter_02a.prefab
  artifactKey: Guid(d89c78f53a82cf24cae98cc310b0de71) Importer(815301076,1909f56bfc062723c751e8b465ee728b)
Start importing Assets/EmaceArt/Slavic World Free/Prefabs/Prop/EA03_Prop_Composter_02a.prefab using Guid(d89c78f53a82cf24cae98cc310b0de71) Importer(815301076,1909f56bfc062723c751e8b465ee728b)  -> (artifact id: '26be36acfd5d87c63e2bfd3c27c26eb8') in 0.024522 seconds 
  Import took 0.029876 seconds .

========================================================================
Received Import Request.
  Time since last request: 0.002504 seconds.
  path: Assets/EmaceArt/Slavic World Free/Prefabs/Prop/EA03_Prop_Composter_02a.prefab
  artifactKey: Guid(d89c78f53a82cf24cae98cc310b0de71) Importer(815301076,1909f56bfc062723c751e8b465ee728b)
Start importing Assets/EmaceArt/Slavic World Free/Prefabs/Prop/EA03_Prop_Composter_02a.prefab using Guid(d89c78f53a82cf24cae98cc310b0de71) Importer(815301076,1909f56bfc062723c751e8b465ee728b)  -> (artifact id: '26be36acfd5d87c63e2bfd3c27c26eb8') in 0.024516 seconds 
  Import took 0.028213 seconds .

========================================================================
Received Import Request.
  Time since last request: 79.926374 seconds.
  path: Assets/EmaceArt/Slavic World Free/Prefabs/Village/Building/Compound/Walls/EA03_Village_Hut_Wall_Front_01i_PRE.prefab
  artifactKey: Guid(225337266f16dc04aa201f020490e7cb) Importer(815301076,1909f56bfc062723c751e8b465ee728b)
Start importing Assets/EmaceArt/Slavic World Free/Prefabs/Village/Building/Compound/Walls/EA03_Village_Hut_Wall_Front_01i_PRE.prefab using Guid(225337266f16dc04aa201f020490e7cb) Importer(815301076,1909f56bfc062723c751e8b465ee728b)  -> (artifact id: '9a3d2763a308710dedc111b8b64f047b') in 0.018861 seconds 
  Import took 0.022446 seconds .

========================================================================
Received Prepare
Registering precompiled user dll's ...
Registered in 0.006993 seconds.
Begin MonoManager ReloadAssembly
Native extension for WindowsStandalone target not found
Native extension for OSXStandalone target not found
Native extension for WebGL target not found
Refreshing native plugins compatible for Editor in 0.45 ms, found 2 plugins.
Preloading 0 native plugins for Editor in 0.00 ms.
Fixing exec order for 
UnityEngine.StackTraceUtility:ExtractStackTrace ()
UnityEngine.DebugLogHandler:LogFormat (UnityEngine.LogType,UnityEngine.Object,string,object[])
UnityEngine.Logger:Log (UnityEngine.LogType,object)
UnityEngine.Debug:Log (object)
DevionGames.StatSystem.ExecutionOrderValidator:.cctor () (at Assets/Devion Games/Stat System/Scripts/Editor/ExecutionOrderValidator.cs:18)
System.Runtime.CompilerServices.RuntimeHelpers:RunClassConstructor (System.RuntimeTypeHandle)
UnityEditor.EditorAssemblies:ProcessInitializeOnLoadAttributes (System.Type[])

(Filename: Assets/Devion Games/Stat System/Scripts/Editor/ExecutionOrderValidator.cs Line: 18)

Mono: successfully reloaded assembly
- Completed reload, in  1.138 seconds
Domain Reload Profiling:
	ReloadAssembly (1138ms)
		BeginReloadAssembly (146ms)
			ExecutionOrderSort (0ms)
			DisableScriptedObjects (4ms)
			BackupInstance (0ms)
			ReleaseScriptingObjects (0ms)
			CreateAndSetChildDomain (31ms)
		EndReloadAssembly (928ms)
			LoadAssemblies (127ms)
			RebuildTransferFunctionScriptingTraits (0ms)
			SetupTypeCache (275ms)
			ReleaseScriptCaches (1ms)
			RebuildScriptCaches (43ms)
			SetupLoadedEditorAssemblies (415ms)
				LogAssemblyErrors (0ms)
				InitializePlatformSupportModulesInManaged (7ms)
				SetLoadedEditorAssemblies (0ms)
				RefreshPlugins (1ms)
				BeforeProcessingInitializeOnLoad (87ms)
				ProcessInitializeOnLoadAttributes (303ms)
				ProcessInitializeOnLoadMethodAttributes (4ms)
				AfterProcessingInitializeOnLoad (12ms)
				EditorAssembliesLoaded (0ms)
			ExecutionOrderSort2 (0ms)
			AwakeInstancesAfterBackupRestoration (6ms)
Platform modules already initialized, skipping
Refreshing native plugins compatible for Editor in 0.47 ms, found 2 plugins.
Preloading 0 native plugins for Editor in 0.00 ms.
Unloading 1850 Unused Serialized files (Serialized files now loaded: 0)
System memory in use before: 89.8 MB.
System memory in use after: 89.9 MB.

Unloading 15 unused Assets to reduce memory usage. Loaded Objects now: 2347.
Total: 2.406800 ms (FindLiveObjects: 0.166200 ms CreateObjectMapping: 0.052500 ms MarkObjects: 2.135000 ms  DeleteObjects: 0.052000 ms)

AssetImportParameters requested are different than current active one (requested -> active):
  custom:framework-win-MediaFoundation: 216162199b28c13a410421893ffa2e32 -> 
  custom:video-decoder-ogg-theora: a1e56fd34408186e4bbccfd4996cb3dc -> 
  custom:container-muxer-webm: aa71ff27fc2769a1b78a27578f13a17b -> 
  custom:container-demuxer-webm: 4f35f7cbe854078d1ac9338744f61a02 -> 
  custom:container-demuxer-ogg: 62fdf1f143b41e24485cea50d1cbac27 -> 
  custom:video-encoder-webm-vp8: eb34c28f22e8b96e1ab97ce403110664 -> 
  custom:video-decoder-webm-vp8: 9c59270c3fd7afecdb556c50c9e8de78 -> 
  custom:audio-decoder-ogg-vorbis: bf7c407c2cedff20999df2af8eb42d56 -> 
  custom:audio-encoder-webm-vorbis: bf7c407c2cedff20999df2af8eb42d56 -> 
========================================================================
Received Prepare
Registering precompiled user dll's ...
Registered in 0.006344 seconds.
Begin MonoManager ReloadAssembly
Native extension for WindowsStandalone target not found
Native extension for OSXStandalone target not found
Native extension for WebGL target not found
Refreshing native plugins compatible for Editor in 0.45 ms, found 2 plugins.
Preloading 0 native plugins for Editor in 0.00 ms.
Fixing exec order for 
UnityEngine.StackTraceUtility:ExtractStackTrace ()
UnityEngine.DebugLogHandler:LogFormat (UnityEngine.LogType,UnityEngine.Object,string,object[])
UnityEngine.Logger:Log (UnityEngine.LogType,object)
UnityEngine.Debug:Log (object)
DevionGames.StatSystem.ExecutionOrderValidator:.cctor () (at Assets/Devion Games/Stat System/Scripts/Editor/ExecutionOrderValidator.cs:18)
System.Runtime.CompilerServices.RuntimeHelpers:RunClassConstructor (System.RuntimeTypeHandle)
UnityEditor.EditorAssemblies:ProcessInitializeOnLoadAttributes (System.Type[])

(Filename: Assets/Devion Games/Stat System/Scripts/Editor/ExecutionOrderValidator.cs Line: 18)

Mono: successfully reloaded assembly
- Completed reload, in  1.154 seconds
Domain Reload Profiling:
	ReloadAssembly (1155ms)
		BeginReloadAssembly (174ms)
			ExecutionOrderSort (0ms)
			DisableScriptedObjects (7ms)
			BackupInstance (0ms)
			ReleaseScriptingObjects (0ms)
			CreateAndSetChildDomain (53ms)
		EndReloadAssembly (906ms)
			LoadAssemblies (147ms)
			RebuildTransferFunctionScriptingTraits (0ms)
			SetupTypeCache (286ms)
			ReleaseScriptCaches (1ms)
			RebuildScriptCaches (38ms)
			SetupLoadedEditorAssemblies (379ms)
				LogAssemblyErrors (0ms)
				InitializePlatformSupportModulesInManaged (7ms)
				SetLoadedEditorAssemblies (0ms)
				RefreshPlugins (1ms)
				BeforeProcessingInitializeOnLoad (88ms)
				ProcessInitializeOnLoadAttributes (268ms)
				ProcessInitializeOnLoadMethodAttributes (5ms)
				AfterProcessingInitializeOnLoad (10ms)
				EditorAssembliesLoaded (0ms)
			ExecutionOrderSort2 (0ms)
			AwakeInstancesAfterBackupRestoration (6ms)
Platform modules already initialized, skipping
Refreshing native plugins compatible for Editor in 0.47 ms, found 2 plugins.
Preloading 0 native plugins for Editor in 0.00 ms.
Unloading 1850 Unused Serialized files (Serialized files now loaded: 0)
System memory in use before: 89.9 MB.
System memory in use after: 90.0 MB.

Unloading 15 unused Assets to reduce memory usage. Loaded Objects now: 2351.
Total: 2.285900 ms (FindLiveObjects: 0.190400 ms CreateObjectMapping: 0.064900 ms MarkObjects: 1.950800 ms  DeleteObjects: 0.078900 ms)

AssetImportParameters requested are different than current active one (requested -> active):
  custom:framework-win-MediaFoundation: 216162199b28c13a410421893ffa2e32 -> 
  custom:video-decoder-ogg-theora: a1e56fd34408186e4bbccfd4996cb3dc -> 
  custom:container-muxer-webm: aa71ff27fc2769a1b78a27578f13a17b -> 
  custom:container-demuxer-webm: 4f35f7cbe854078d1ac9338744f61a02 -> 
  custom:container-demuxer-ogg: 62fdf1f143b41e24485cea50d1cbac27 -> 
  custom:video-encoder-webm-vp8: eb34c28f22e8b96e1ab97ce403110664 -> 
  custom:video-decoder-webm-vp8: 9c59270c3fd7afecdb556c50c9e8de78 -> 
  custom:audio-decoder-ogg-vorbis: bf7c407c2cedff20999df2af8eb42d56 -> 
  custom:audio-encoder-webm-vorbis: bf7c407c2cedff20999df2af8eb42d56 -> 
========================================================================
Received Prepare
Registering precompiled user dll's ...
Registered in 0.007119 seconds.
Begin MonoManager ReloadAssembly
Native extension for WindowsStandalone target not found
Native extension for OSXStandalone target not found
Native extension for WebGL target not found
Refreshing native plugins compatible for Editor in 0.46 ms, found 2 plugins.
Preloading 0 native plugins for Editor in 0.00 ms.
Fixing exec order for 
UnityEngine.StackTraceUtility:ExtractStackTrace ()
UnityEngine.DebugLogHandler:LogFormat (UnityEngine.LogType,UnityEngine.Object,string,object[])
UnityEngine.Logger:Log (UnityEngine.LogType,object)
UnityEngine.Debug:Log (object)
DevionGames.StatSystem.ExecutionOrderValidator:.cctor () (at Assets/Devion Games/Stat System/Scripts/Editor/ExecutionOrderValidator.cs:18)
System.Runtime.CompilerServices.RuntimeHelpers:RunClassConstructor (System.RuntimeTypeHandle)
UnityEditor.EditorAssemblies:ProcessInitializeOnLoadAttributes (System.Type[])

(Filename: Assets/Devion Games/Stat System/Scripts/Editor/ExecutionOrderValidator.cs Line: 18)

Mono: successfully reloaded assembly
- Completed reload, in  1.154 seconds
Domain Reload Profiling:
	ReloadAssembly (1155ms)
		BeginReloadAssembly (151ms)
			ExecutionOrderSort (0ms)
			DisableScriptedObjects (4ms)
			BackupInstance (0ms)
			ReleaseScriptingObjects (0ms)
			CreateAndSetChildDomain (32ms)
		EndReloadAssembly (939ms)
			LoadAssemblies (150ms)
			RebuildTransferFunctionScriptingTraits (0ms)
			SetupTypeCache (282ms)
			ReleaseScriptCaches (1ms)
			RebuildScriptCaches (38ms)
			SetupLoadedEditorAssemblies (388ms)
				LogAssemblyErrors (0ms)
				InitializePlatformSupportModulesInManaged (7ms)
				SetLoadedEditorAssemblies (0ms)
				RefreshPlugins (1ms)
				BeforeProcessingInitializeOnLoad (91ms)
				ProcessInitializeOnLoadAttributes (274ms)
				ProcessInitializeOnLoadMethodAttributes (3ms)
				AfterProcessingInitializeOnLoad (11ms)
				EditorAssembliesLoaded (0ms)
			ExecutionOrderSort2 (0ms)
			AwakeInstancesAfterBackupRestoration (10ms)
Platform modules already initialized, skipping
Refreshing native plugins compatible for Editor in 0.45 ms, found 2 plugins.
Preloading 0 native plugins for Editor in 0.00 ms.
Unloading 1850 Unused Serialized files (Serialized files now loaded: 0)
System memory in use before: 89.9 MB.
System memory in use after: 90.0 MB.

Unloading 15 unused Assets to reduce memory usage. Loaded Objects now: 2355.
Total: 2.645500 ms (FindLiveObjects: 0.177800 ms CreateObjectMapping: 0.051300 ms MarkObjects: 2.362000 ms  DeleteObjects: 0.053600 ms)

AssetImportParameters requested are different than current active one (requested -> active):
  custom:framework-win-MediaFoundation: 216162199b28c13a410421893ffa2e32 -> 
  custom:video-decoder-ogg-theora: a1e56fd34408186e4bbccfd4996cb3dc -> 
  custom:container-muxer-webm: aa71ff27fc2769a1b78a27578f13a17b -> 
  custom:container-demuxer-webm: 4f35f7cbe854078d1ac9338744f61a02 -> 
  custom:container-demuxer-ogg: 62fdf1f143b41e24485cea50d1cbac27 -> 
  custom:video-encoder-webm-vp8: eb34c28f22e8b96e1ab97ce403110664 -> 
  custom:video-decoder-webm-vp8: 9c59270c3fd7afecdb556c50c9e8de78 -> 
  custom:audio-decoder-ogg-vorbis: bf7c407c2cedff20999df2af8eb42d56 -> 
  custom:audio-encoder-webm-vorbis: bf7c407c2cedff20999df2af8eb42d56 -> 
========================================================================
Received Prepare
Registering precompiled user dll's ...
Registered in 0.006761 seconds.
Begin MonoManager ReloadAssembly
Native extension for WindowsStandalone target not found
Native extension for OSXStandalone target not found
Native extension for WebGL target not found
Refreshing native plugins compatible for Editor in 0.44 ms, found 2 plugins.
Preloading 0 native plugins for Editor in 0.00 ms.
Fixing exec order for 
UnityEngine.StackTraceUtility:ExtractStackTrace ()
UnityEngine.DebugLogHandler:LogFormat (UnityEngine.LogType,UnityEngine.Object,string,object[])
UnityEngine.Logger:Log (UnityEngine.LogType,object)
UnityEngine.Debug:Log (object)
DevionGames.StatSystem.ExecutionOrderValidator:.cctor () (at Assets/Devion Games/Stat System/Scripts/Editor/ExecutionOrderValidator.cs:18)
System.Runtime.CompilerServices.RuntimeHelpers:RunClassConstructor (System.RuntimeTypeHandle)
UnityEditor.EditorAssemblies:ProcessInitializeOnLoadAttributes (System.Type[])

(Filename: Assets/Devion Games/Stat System/Scripts/Editor/ExecutionOrderValidator.cs Line: 18)

Mono: successfully reloaded assembly
- Completed reload, in  1.135 seconds
Domain Reload Profiling:
	ReloadAssembly (1136ms)
		BeginReloadAssembly (155ms)
			ExecutionOrderSort (0ms)
			DisableScriptedObjects (4ms)
			BackupInstance (0ms)
			ReleaseScriptingObjects (0ms)
			CreateAndSetChildDomain (29ms)
		EndReloadAssembly (911ms)
			LoadAssemblies (142ms)
			RebuildTransferFunctionScriptingTraits (0ms)
			SetupTypeCache (271ms)
			ReleaseScriptCaches (1ms)
			RebuildScriptCaches (38ms)
			SetupLoadedEditorAssemblies (410ms)
				LogAssemblyErrors (0ms)
				InitializePlatformSupportModulesInManaged (7ms)
				SetLoadedEditorAssemblies (0ms)
				RefreshPlugins (1ms)
				BeforeProcessingInitializeOnLoad (85ms)
				ProcessInitializeOnLoadAttributes (304ms)
				ProcessInitializeOnLoadMethodAttributes (3ms)
				AfterProcessingInitializeOnLoad (11ms)
				EditorAssembliesLoaded (0ms)
			ExecutionOrderSort2 (0ms)
			AwakeInstancesAfterBackupRestoration (6ms)
Platform modules already initialized, skipping
Refreshing native plugins compatible for Editor in 0.44 ms, found 2 plugins.
Preloading 0 native plugins for Editor in 0.00 ms.
Unloading 1850 Unused Serialized files (Serialized files now loaded: 0)
System memory in use before: 89.9 MB.
System memory in use after: 90.0 MB.

Unloading 15 unused Assets to reduce memory usage. Loaded Objects now: 2359.
Total: 2.369200 ms (FindLiveObjects: 0.164300 ms CreateObjectMapping: 0.059200 ms MarkObjects: 2.091900 ms  DeleteObjects: 0.052800 ms)

AssetImportParameters requested are different than current active one (requested -> active):
  custom:framework-win-MediaFoundation: 216162199b28c13a410421893ffa2e32 -> 
  custom:video-decoder-ogg-theora: a1e56fd34408186e4bbccfd4996cb3dc -> 
  custom:container-muxer-webm: aa71ff27fc2769a1b78a27578f13a17b -> 
  custom:container-demuxer-webm: 4f35f7cbe854078d1ac9338744f61a02 -> 
  custom:container-demuxer-ogg: 62fdf1f143b41e24485cea50d1cbac27 -> 
  custom:video-encoder-webm-vp8: eb34c28f22e8b96e1ab97ce403110664 -> 
  custom:video-decoder-webm-vp8: 9c59270c3fd7afecdb556c50c9e8de78 -> 
  custom:audio-decoder-ogg-vorbis: bf7c407c2cedff20999df2af8eb42d56 -> 
  custom:audio-encoder-webm-vorbis: bf7c407c2cedff20999df2af8eb42d56 -> 
========================================================================
Received Prepare
Registering precompiled user dll's ...
Registered in 0.007900 seconds.
Begin MonoManager ReloadAssembly
Native extension for WindowsStandalone target not found
Native extension for OSXStandalone target not found
Native extension for WebGL target not found
Refreshing native plugins compatible for Editor in 0.53 ms, found 2 plugins.
Preloading 0 native plugins for Editor in 0.00 ms.
Fixing exec order for 
UnityEngine.StackTraceUtility:ExtractStackTrace ()
UnityEngine.DebugLogHandler:LogFormat (UnityEngine.LogType,UnityEngine.Object,string,object[])
UnityEngine.Logger:Log (UnityEngine.LogType,object)
UnityEngine.Debug:Log (object)
DevionGames.StatSystem.ExecutionOrderValidator:.cctor () (at Assets/Devion Games/Stat System/Scripts/Editor/ExecutionOrderValidator.cs:18)
System.Runtime.CompilerServices.RuntimeHelpers:RunClassConstructor (System.RuntimeTypeHandle)
UnityEditor.EditorAssemblies:ProcessInitializeOnLoadAttributes (System.Type[])

(Filename: Assets/Devion Games/Stat System/Scripts/Editor/ExecutionOrderValidator.cs Line: 18)

Mono: successfully reloaded assembly
- Completed reload, in  1.152 seconds
Domain Reload Profiling:
	ReloadAssembly (1152ms)
		BeginReloadAssembly (139ms)
			ExecutionOrderSort (0ms)
			DisableScriptedObjects (4ms)
			BackupInstance (0ms)
			ReleaseScriptingObjects (0ms)
			CreateAndSetChildDomain (30ms)
		EndReloadAssembly (942ms)
			LoadAssemblies (141ms)
			RebuildTransferFunctionScriptingTraits (0ms)
			SetupTypeCache (271ms)
			ReleaseScriptCaches (1ms)
			RebuildScriptCaches (41ms)
			SetupLoadedEditorAssemblies (408ms)
				LogAssemblyErrors (0ms)
				InitializePlatformSupportModulesInManaged (8ms)
				SetLoadedEditorAssemblies (0ms)
				RefreshPlugins (1ms)
				BeforeProcessingInitializeOnLoad (93ms)
				ProcessInitializeOnLoadAttributes (292ms)
				ProcessInitializeOnLoadMethodAttributes (3ms)
				AfterProcessingInitializeOnLoad (11ms)
				EditorAssembliesLoaded (0ms)
			ExecutionOrderSort2 (0ms)
			AwakeInstancesAfterBackupRestoration (6ms)
Platform modules already initialized, skipping
Refreshing native plugins compatible for Editor in 0.48 ms, found 2 plugins.
Preloading 0 native plugins for Editor in 0.00 ms.
Unloading 1850 Unused Serialized files (Serialized files now loaded: 0)
System memory in use before: 89.9 MB.
System memory in use after: 90.0 MB.

Unloading 15 unused Assets to reduce memory usage. Loaded Objects now: 2363.
Total: 2.676000 ms (FindLiveObjects: 0.168800 ms CreateObjectMapping: 0.052200 ms MarkObjects: 2.400400 ms  DeleteObjects: 0.053700 ms)

AssetImportParameters requested are different than current active one (requested -> active):
  custom:framework-win-MediaFoundation: 216162199b28c13a410421893ffa2e32 -> 
  custom:video-decoder-ogg-theora: a1e56fd34408186e4bbccfd4996cb3dc -> 
  custom:container-muxer-webm: aa71ff27fc2769a1b78a27578f13a17b -> 
  custom:container-demuxer-webm: 4f35f7cbe854078d1ac9338744f61a02 -> 
  custom:container-demuxer-ogg: 62fdf1f143b41e24485cea50d1cbac27 -> 
  custom:video-encoder-webm-vp8: eb34c28f22e8b96e1ab97ce403110664 -> 
  custom:video-decoder-webm-vp8: 9c59270c3fd7afecdb556c50c9e8de78 -> 
  custom:audio-decoder-ogg-vorbis: bf7c407c2cedff20999df2af8eb42d56 -> 
  custom:audio-encoder-webm-vorbis: bf7c407c2cedff20999df2af8eb42d56 -> 
========================================================================
Received Prepare
Registering precompiled user dll's ...
Registered in 0.007025 seconds.
Begin MonoManager ReloadAssembly
Native extension for WindowsStandalone target not found
Native extension for OSXStandalone target not found
Native extension for WebGL target not found
Refreshing native plugins compatible for Editor in 0.43 ms, found 2 plugins.
Preloading 0 native plugins for Editor in 0.00 ms.
Fixing exec order for 
UnityEngine.StackTraceUtility:ExtractStackTrace ()
UnityEngine.DebugLogHandler:LogFormat (UnityEngine.LogType,UnityEngine.Object,string,object[])
UnityEngine.Logger:Log (UnityEngine.LogType,object)
UnityEngine.Debug:Log (object)
DevionGames.StatSystem.ExecutionOrderValidator:.cctor () (at Assets/Devion Games/Stat System/Scripts/Editor/ExecutionOrderValidator.cs:18)
System.Runtime.CompilerServices.RuntimeHelpers:RunClassConstructor (System.RuntimeTypeHandle)
UnityEditor.EditorAssemblies:ProcessInitializeOnLoadAttributes (System.Type[])

(Filename: Assets/Devion Games/Stat System/Scripts/Editor/ExecutionOrderValidator.cs Line: 18)

Mono: successfully reloaded assembly
- Completed reload, in  1.136 seconds
Domain Reload Profiling:
	ReloadAssembly (1136ms)
		BeginReloadAssembly (150ms)
			ExecutionOrderSort (0ms)
			DisableScriptedObjects (4ms)
			BackupInstance (0ms)
			ReleaseScriptingObjects (0ms)
			CreateAndSetChildDomain (34ms)
		EndReloadAssembly (921ms)
			LoadAssemblies (125ms)
			RebuildTransferFunctionScriptingTraits (0ms)
			SetupTypeCache (268ms)
			ReleaseScriptCaches (1ms)
			RebuildScriptCaches (39ms)
			SetupLoadedEditorAssemblies (425ms)
				LogAssemblyErrors (0ms)
				InitializePlatformSupportModulesInManaged (7ms)
				SetLoadedEditorAssemblies (0ms)
				RefreshPlugins (1ms)
				BeforeProcessingInitializeOnLoad (90ms)
				ProcessInitializeOnLoadAttributes (313ms)
				ProcessInitializeOnLoadMethodAttributes (3ms)
				AfterProcessingInitializeOnLoad (10ms)
				EditorAssembliesLoaded (0ms)
			ExecutionOrderSort2 (0ms)
			AwakeInstancesAfterBackupRestoration (6ms)
Platform modules already initialized, skipping
Refreshing native plugins compatible for Editor in 0.50 ms, found 2 plugins.
Preloading 0 native plugins for Editor in 0.00 ms.
Unloading 1850 Unused Serialized files (Serialized files now loaded: 0)
System memory in use before: 89.9 MB.
System memory in use after: 90.0 MB.

Unloading 15 unused Assets to reduce memory usage. Loaded Objects now: 2367.
Total: 4.856700 ms (FindLiveObjects: 0.218100 ms CreateObjectMapping: 0.074000 ms MarkObjects: 4.478000 ms  DeleteObjects: 0.085000 ms)

AssetImportParameters requested are different than current active one (requested -> active):
  custom:framework-win-MediaFoundation: 216162199b28c13a410421893ffa2e32 -> 
  custom:video-decoder-ogg-theora: a1e56fd34408186e4bbccfd4996cb3dc -> 
  custom:container-muxer-webm: aa71ff27fc2769a1b78a27578f13a17b -> 
  custom:container-demuxer-webm: 4f35f7cbe854078d1ac9338744f61a02 -> 
  custom:container-demuxer-ogg: 62fdf1f143b41e24485cea50d1cbac27 -> 
  custom:video-encoder-webm-vp8: eb34c28f22e8b96e1ab97ce403110664 -> 
  custom:video-decoder-webm-vp8: 9c59270c3fd7afecdb556c50c9e8de78 -> 
  custom:audio-decoder-ogg-vorbis: bf7c407c2cedff20999df2af8eb42d56 -> 
  custom:audio-encoder-webm-vorbis: bf7c407c2cedff20999df2af8eb42d56 -> 
========================================================================
Received Prepare
Registering precompiled user dll's ...
Registered in 0.006956 seconds.
Begin MonoManager ReloadAssembly
Native extension for WindowsStandalone target not found
Native extension for OSXStandalone target not found
Native extension for WebGL target not found
Refreshing native plugins compatible for Editor in 0.46 ms, found 2 plugins.
Preloading 0 native plugins for Editor in 0.00 ms.
Fixing exec order for 
UnityEngine.StackTraceUtility:ExtractStackTrace ()
UnityEngine.DebugLogHandler:LogFormat (UnityEngine.LogType,UnityEngine.Object,string,object[])
UnityEngine.Logger:Log (UnityEngine.LogType,object)
UnityEngine.Debug:Log (object)
DevionGames.StatSystem.ExecutionOrderValidator:.cctor () (at Assets/Devion Games/Stat System/Scripts/Editor/ExecutionOrderValidator.cs:18)
System.Runtime.CompilerServices.RuntimeHelpers:RunClassConstructor (System.RuntimeTypeHandle)
UnityEditor.EditorAssemblies:ProcessInitializeOnLoadAttributes (System.Type[])

(Filename: Assets/Devion Games/Stat System/Scripts/Editor/ExecutionOrderValidator.cs Line: 18)

Mono: successfully reloaded assembly
- Completed reload, in  1.330 seconds
Domain Reload Profiling:
	ReloadAssembly (1331ms)
		BeginReloadAssembly (151ms)
			ExecutionOrderSort (0ms)
			DisableScriptedObjects (5ms)
			BackupInstance (0ms)
			ReleaseScriptingObjects (0ms)
			CreateAndSetChildDomain (34ms)
		EndReloadAssembly (1114ms)
			LoadAssemblies (174ms)
			RebuildTransferFunctionScriptingTraits (0ms)
			SetupTypeCache (430ms)
			ReleaseScriptCaches (1ms)
			RebuildScriptCaches (41ms)
			SetupLoadedEditorAssemblies (384ms)
				LogAssemblyErrors (0ms)
				InitializePlatformSupportModulesInManaged (7ms)
				SetLoadedEditorAssemblies (0ms)
				RefreshPlugins (1ms)
				BeforeProcessingInitializeOnLoad (88ms)
				ProcessInitializeOnLoadAttributes (276ms)
				ProcessInitializeOnLoadMethodAttributes (3ms)
				AfterProcessingInitializeOnLoad (10ms)
				EditorAssembliesLoaded (0ms)
			ExecutionOrderSort2 (0ms)
			AwakeInstancesAfterBackupRestoration (6ms)
Platform modules already initialized, skipping
Refreshing native plugins compatible for Editor in 0.46 ms, found 2 plugins.
Preloading 0 native plugins for Editor in 0.00 ms.
Unloading 1850 Unused Serialized files (Serialized files now loaded: 0)
System memory in use before: 90.0 MB.
System memory in use after: 90.1 MB.

Unloading 15 unused Assets to reduce memory usage. Loaded Objects now: 2371.
Total: 2.333900 ms (FindLiveObjects: 0.189500 ms CreateObjectMapping: 0.058500 ms MarkObjects: 2.029800 ms  DeleteObjects: 0.054800 ms)

AssetImportParameters requested are different than current active one (requested -> active):
  custom:framework-win-MediaFoundation: 216162199b28c13a410421893ffa2e32 -> 
  custom:video-decoder-ogg-theora: a1e56fd34408186e4bbccfd4996cb3dc -> 
  custom:container-muxer-webm: aa71ff27fc2769a1b78a27578f13a17b -> 
  custom:container-demuxer-webm: 4f35f7cbe854078d1ac9338744f61a02 -> 
  custom:container-demuxer-ogg: 62fdf1f143b41e24485cea50d1cbac27 -> 
  custom:video-encoder-webm-vp8: eb34c28f22e8b96e1ab97ce403110664 -> 
  custom:video-decoder-webm-vp8: 9c59270c3fd7afecdb556c50c9e8de78 -> 
  custom:audio-decoder-ogg-vorbis: bf7c407c2cedff20999df2af8eb42d56 -> 
  custom:audio-encoder-webm-vorbis: bf7c407c2cedff20999df2af8eb42d56 -> 
AssetImportWorkerClient::OnTransportError - code=2 error=End of file
